\BOOKMARK [1][-]{section.1}{Specifikace}{}
\BOOKMARK [1][-]{section.2}{Popis hry}{}
\BOOKMARK [1][-]{section.3}{Program}{}
\BOOKMARK [2][-]{subsection.3.1}{Popis tr\355d a objektu}{section.3}
\BOOKMARK [3][-]{subsubsection.3.1.1}{Game1}{subsection.3.1}
\BOOKMARK [3][-]{subsubsection.3.1.2}{Background}{subsection.3.1}
\BOOKMARK [3][-]{subsubsection.3.1.3}{Score}{subsection.3.1}
\BOOKMARK [3][-]{subsubsection.3.1.4}{Postavicka}{subsection.3.1}
\BOOKMARK [3][-]{subsubsection.3.1.5}{ZOO}{subsection.3.1}
\BOOKMARK [3][-]{subsubsection.3.1.6}{Enemy}{subsection.3.1}
\BOOKMARK [3][-]{subsubsection.3.1.7}{Menu}{subsection.3.1}
\BOOKMARK [2][-]{subsection.3.2}{Procedury a funkce}{section.3}
\BOOKMARK [3][-]{subsubsection.3.2.1}{Initialize}{subsection.3.2}
\BOOKMARK [3][-]{subsubsection.3.2.2}{ToggleFS}{subsection.3.2}
\BOOKMARK [3][-]{subsubsection.3.2.3}{NewGame}{subsection.3.2}
\BOOKMARK [3][-]{subsubsection.3.2.4}{NextLevel}{subsection.3.2}
\BOOKMARK [3][-]{subsubsection.3.2.5}{LoadContent}{subsection.3.2}
\BOOKMARK [3][-]{subsubsection.3.2.6}{Update}{subsection.3.2}
\BOOKMARK [3][-]{subsubsection.3.2.7}{Draw}{subsection.3.2}
\BOOKMARK [2][-]{subsection.3.3}{Kolize}{section.3}
\BOOKMARK [1][-]{section.4}{Testov\341n\355}{}
\BOOKMARK [1][-]{section.5}{Z\341ver}{}
